[0.392s] Invoking command in '/home/ketan/abc/ros2_ph_arduino/src/arduino_servo_control': CONDA_PROMPT_MODIFIER=(base) PYTHONPATH=/home/ketan/abc/ros2_ph_arduino/build/arduino_servo_control/prefix_override:/usr/lib/python3/dist-packages/colcon_core/task/python/colcon_distutils_commands:/home/ketan/abc/ros2_ph_arduino/install/arduino_servo_control/lib/python3.10/site-packages:${PYTHONPATH} /usr/bin/python3 -W ignore:setup.py install is deprecated -W ignore:easy_install command is deprecated setup.py egg_info --egg-base ../../build/arduino_servo_control build --build-base /home/ketan/abc/ros2_ph_arduino/build/arduino_servo_control/build install --record /home/ketan/abc/ros2_ph_arduino/build/arduino_servo_control/install.log --single-version-externally-managed install_data
[0.533s] running egg_info
[0.533s] writing ../../build/arduino_servo_control/arduino_servo_control.egg-info/PKG-INFO
[0.533s] writing dependency_links to ../../build/arduino_servo_control/arduino_servo_control.egg-info/dependency_links.txt
[0.533s] writing entry points to ../../build/arduino_servo_control/arduino_servo_control.egg-info/entry_points.txt
[0.533s] writing requirements to ../../build/arduino_servo_control/arduino_servo_control.egg-info/requires.txt
[0.533s] writing top-level names to ../../build/arduino_servo_control/arduino_servo_control.egg-info/top_level.txt
[0.534s] reading manifest file '../../build/arduino_servo_control/arduino_servo_control.egg-info/SOURCES.txt'
[0.535s] writing manifest file '../../build/arduino_servo_control/arduino_servo_control.egg-info/SOURCES.txt'
[0.535s] running build
[0.535s] running build_py
[0.535s] copying arduino_servo_control/sequence_publisher.py -> /home/ketan/abc/ros2_ph_arduino/build/arduino_servo_control/build/lib/arduino_servo_control
[0.535s] running install
[0.535s] running install_lib
[0.536s] copying /home/ketan/abc/ros2_ph_arduino/build/arduino_servo_control/build/lib/arduino_servo_control/sequence_publisher.py -> /home/ketan/abc/ros2_ph_arduino/install/arduino_servo_control/lib/python3.10/site-packages/arduino_servo_control
[0.536s] byte-compiling /home/ketan/abc/ros2_ph_arduino/install/arduino_servo_control/lib/python3.10/site-packages/arduino_servo_control/sequence_publisher.py to sequence_publisher.cpython-310.pyc
[0.536s] running install_data
[0.536s] running install_egg_info
[0.538s] removing '/home/ketan/abc/ros2_ph_arduino/install/arduino_servo_control/lib/python3.10/site-packages/arduino_servo_control-0.1.0-py3.10.egg-info' (and everything under it)
[0.538s] Copying ../../build/arduino_servo_control/arduino_servo_control.egg-info to /home/ketan/abc/ros2_ph_arduino/install/arduino_servo_control/lib/python3.10/site-packages/arduino_servo_control-0.1.0-py3.10.egg-info
[0.539s] running install_scripts
[0.552s] Installing keyboard_publisher script to /home/ketan/abc/ros2_ph_arduino/install/arduino_servo_control/bin
[0.552s] Installing sequence_publisher script to /home/ketan/abc/ros2_ph_arduino/install/arduino_servo_control/bin
[0.552s] Installing servo_control script to /home/ketan/abc/ros2_ph_arduino/install/arduino_servo_control/bin
[0.552s] writing list of installed files to '/home/ketan/abc/ros2_ph_arduino/build/arduino_servo_control/install.log'
[0.568s] Invoked command in '/home/ketan/abc/ros2_ph_arduino/src/arduino_servo_control' returned '0': CONDA_PROMPT_MODIFIER=(base) PYTHONPATH=/home/ketan/abc/ros2_ph_arduino/build/arduino_servo_control/prefix_override:/usr/lib/python3/dist-packages/colcon_core/task/python/colcon_distutils_commands:/home/ketan/abc/ros2_ph_arduino/install/arduino_servo_control/lib/python3.10/site-packages:${PYTHONPATH} /usr/bin/python3 -W ignore:setup.py install is deprecated -W ignore:easy_install command is deprecated setup.py egg_info --egg-base ../../build/arduino_servo_control build --build-base /home/ketan/abc/ros2_ph_arduino/build/arduino_servo_control/build install --record /home/ketan/abc/ros2_ph_arduino/build/arduino_servo_control/install.log --single-version-externally-managed install_data
