[0.067s] DEBUG:colcon:Command line arguments: ['/usr/bin/colcon', 'build', '--packages-select', 'arduino_servo_control']
[0.067s] DEBUG:colcon:Parsed command line arguments: Namespace(log_base=None, log_level=None, verb_name='build', build_base='build', install_base='install', merge_install=False, symlink_install=False, test_result_base=None, continue_on_error=False, executor='parallel', parallel_workers=32, event_handlers=None, ignore_user_meta=False, metas=['./colcon.meta'], base_paths=['.'], packages_ignore=None, packages_ignore_regex=None, paths=None, packages_up_to=None, packages_up_to_regex=None, packages_above=None, packages_above_and_dependencies=None, packages_above_depth=None, packages_select_by_dep=None, packages_skip_by_dep=None, packages_skip_up_to=None, packages_select_build_failed=False, packages_skip_build_finished=False, packages_select_test_failures=False, packages_skip_test_passed=False, packages_select=['arduino_servo_control'], packages_skip=None, packages_select_regex=None, packages_skip_regex=None, packages_start=None, packages_end=None, allow_overriding=[], cmake_args=None, cmake_target=None, cmake_target_skip_unavailable=False, cmake_clean_cache=False, cmake_clean_first=False, cmake_force_configure=False, ament_cmake_args=None, catkin_cmake_args=None, catkin_skip_building_tests=False, mixin_files=None, mixin=None, verb_parser=<colcon_mixin.mixin.mixin_argument.MixinArgumentDecorator object at 0x7b9551f76b00>, verb_extension=<colcon_core.verb.build.BuildVerb object at 0x7b9551f76590>, main=<bound method BuildVerb.main of <colcon_core.verb.build.BuildVerb object at 0x7b9551f76590>>, mixin_verb=('build',))
[0.167s] Level 1:colcon.colcon_core.package_discovery:discover_packages(colcon_meta) check parameters
[0.167s] Level 1:colcon.colcon_core.package_discovery:discover_packages(recursive) check parameters
[0.167s] Level 1:colcon.colcon_core.package_discovery:discover_packages(ignore) check parameters
[0.167s] Level 1:colcon.colcon_core.package_discovery:discover_packages(path) check parameters
[0.167s] Level 1:colcon.colcon_core.package_discovery:discover_packages(colcon_meta) discover
[0.167s] Level 1:colcon.colcon_core.package_discovery:discover_packages(recursive) discover
[0.167s] INFO:colcon.colcon_core.package_discovery:Crawling recursively for packages in '/home/ketan/ros2_ws'
[0.167s] Level 1:colcon.colcon_core.package_identification:_identify(.) by extensions ['ignore', 'ignore_ament_install']
[0.167s] Level 1:colcon.colcon_core.package_identification:_identify(.) by extension 'ignore'
[0.167s] Level 1:colcon.colcon_core.package_identification:_identify(.) by extension 'ignore_ament_install'
[0.167s] Level 1:colcon.colcon_core.package_identification:_identify(.) by extensions ['colcon_pkg']
[0.167s] Level 1:colcon.colcon_core.package_identification:_identify(.) by extension 'colcon_pkg'
[0.167s] Level 1:colcon.colcon_core.package_identification:_identify(.) by extensions ['colcon_meta']
[0.167s] Level 1:colcon.colcon_core.package_identification:_identify(.) by extension 'colcon_meta'
[0.167s] Level 1:colcon.colcon_core.package_identification:_identify(.) by extensions ['ros']
[0.167s] Level 1:colcon.colcon_core.package_identification:_identify(.) by extension 'ros'
[0.174s] Level 1:colcon.colcon_core.package_identification:_identify(.) by extensions ['cmake', 'python']
[0.174s] Level 1:colcon.colcon_core.package_identification:_identify(.) by extension 'cmake'
[0.174s] Level 1:colcon.colcon_core.package_identification:_identify(.) by extension 'python'
[0.174s] Level 1:colcon.colcon_core.package_identification:_identify(.) by extensions ['python_setup_py']
[0.174s] Level 1:colcon.colcon_core.package_identification:_identify(.) by extension 'python_setup_py'
[0.174s] Level 1:colcon.colcon_core.package_identification:_identify(build) by extensions ['ignore', 'ignore_ament_install']
[0.174s] Level 1:colcon.colcon_core.package_identification:_identify(build) by extension 'ignore'
[0.174s] Level 1:colcon.colcon_core.package_identification:_identify(build) ignored
[0.174s] Level 1:colcon.colcon_core.package_identification:_identify(hand_gesture_pkg) by extensions ['ignore', 'ignore_ament_install']
[0.174s] Level 1:colcon.colcon_core.package_identification:_identify(hand_gesture_pkg) by extension 'ignore'
[0.174s] Level 1:colcon.colcon_core.package_identification:_identify(hand_gesture_pkg) by extension 'ignore_ament_install'
[0.174s] Level 1:colcon.colcon_core.package_identification:_identify(hand_gesture_pkg) by extensions ['colcon_pkg']
[0.174s] Level 1:colcon.colcon_core.package_identification:_identify(hand_gesture_pkg) by extension 'colcon_pkg'
[0.174s] Level 1:colcon.colcon_core.package_identification:_identify(hand_gesture_pkg) by extensions ['colcon_meta']
[0.174s] Level 1:colcon.colcon_core.package_identification:_identify(hand_gesture_pkg) by extension 'colcon_meta'
[0.175s] Level 1:colcon.colcon_core.package_identification:_identify(hand_gesture_pkg) by extensions ['ros']
[0.175s] Level 1:colcon.colcon_core.package_identification:_identify(hand_gesture_pkg) by extension 'ros'
[0.176s] DEBUG:colcon.colcon_core.package_identification:Package 'hand_gesture_pkg' with type 'ros.ament_cmake' and name 'hand_gesture_pkg'
[0.176s] Level 1:colcon.colcon_core.package_identification:_identify(install) by extensions ['ignore', 'ignore_ament_install']
[0.176s] Level 1:colcon.colcon_core.package_identification:_identify(install) by extension 'ignore'
[0.176s] Level 1:colcon.colcon_core.package_identification:_identify(install) ignored
[0.176s] Level 1:colcon.colcon_core.package_identification:_identify(log) by extensions ['ignore', 'ignore_ament_install']
[0.176s] Level 1:colcon.colcon_core.package_identification:_identify(log) by extension 'ignore'
[0.176s] Level 1:colcon.colcon_core.package_identification:_identify(log) ignored
[0.177s] Level 1:colcon.colcon_core.package_identification:_identify(simple_pkg) by extensions ['ignore', 'ignore_ament_install']
[0.177s] Level 1:colcon.colcon_core.package_identification:_identify(simple_pkg) by extension 'ignore'
[0.177s] Level 1:colcon.colcon_core.package_identification:_identify(simple_pkg) by extension 'ignore_ament_install'
[0.177s] Level 1:colcon.colcon_core.package_identification:_identify(simple_pkg) by extensions ['colcon_pkg']
[0.177s] Level 1:colcon.colcon_core.package_identification:_identify(simple_pkg) by extension 'colcon_pkg'
[0.177s] Level 1:colcon.colcon_core.package_identification:_identify(simple_pkg) by extensions ['colcon_meta']
[0.177s] Level 1:colcon.colcon_core.package_identification:_identify(simple_pkg) by extension 'colcon_meta'
[0.177s] Level 1:colcon.colcon_core.package_identification:_identify(simple_pkg) by extensions ['ros']
[0.177s] Level 1:colcon.colcon_core.package_identification:_identify(simple_pkg) by extension 'ros'
[0.177s] DEBUG:colcon.colcon_core.package_identification:Package 'simple_pkg' with type 'ros.ament_cmake' and name 'simple_pkg'
[0.177s] Level 1:colcon.colcon_core.package_identification:_identify(src) by extensions ['ignore', 'ignore_ament_install']
[0.177s] Level 1:colcon.colcon_core.package_identification:_identify(src) by extension 'ignore'
[0.177s] Level 1:colcon.colcon_core.package_identification:_identify(src) by extension 'ignore_ament_install'
[0.177s] Level 1:colcon.colcon_core.package_identification:_identify(src) by extensions ['colcon_pkg']
[0.177s] Level 1:colcon.colcon_core.package_identification:_identify(src) by extension 'colcon_pkg'
[0.177s] Level 1:colcon.colcon_core.package_identification:_identify(src) by extensions ['colcon_meta']
[0.177s] Level 1:colcon.colcon_core.package_identification:_identify(src) by extension 'colcon_meta'
[0.177s] Level 1:colcon.colcon_core.package_identification:_identify(src) by extensions ['ros']
[0.177s] Level 1:colcon.colcon_core.package_identification:_identify(src) by extension 'ros'
[0.177s] Level 1:colcon.colcon_core.package_identification:_identify(src) by extensions ['cmake', 'python']
[0.177s] Level 1:colcon.colcon_core.package_identification:_identify(src) by extension 'cmake'
[0.177s] Level 1:colcon.colcon_core.package_identification:_identify(src) by extension 'python'
[0.177s] Level 1:colcon.colcon_core.package_identification:_identify(src) by extensions ['python_setup_py']
[0.177s] Level 1:colcon.colcon_core.package_identification:_identify(src) by extension 'python_setup_py'
[0.177s] Level 1:colcon.colcon_core.package_identification:_identify(src/arduino_servo_control) by extensions ['ignore', 'ignore_ament_install']
[0.177s] Level 1:colcon.colcon_core.package_identification:_identify(src/arduino_servo_control) by extension 'ignore'
[0.177s] Level 1:colcon.colcon_core.package_identification:_identify(src/arduino_servo_control) by extension 'ignore_ament_install'
[0.178s] Level 1:colcon.colcon_core.package_identification:_identify(src/arduino_servo_control) by extensions ['colcon_pkg']
[0.178s] Level 1:colcon.colcon_core.package_identification:_identify(src/arduino_servo_control) by extension 'colcon_pkg'
[0.178s] Level 1:colcon.colcon_core.package_identification:_identify(src/arduino_servo_control) by extensions ['colcon_meta']
[0.178s] Level 1:colcon.colcon_core.package_identification:_identify(src/arduino_servo_control) by extension 'colcon_meta'
[0.178s] Level 1:colcon.colcon_core.package_identification:_identify(src/arduino_servo_control) by extensions ['ros']
[0.178s] Level 1:colcon.colcon_core.package_identification:_identify(src/arduino_servo_control) by extension 'ros'
[0.178s] DEBUG:colcon.colcon_core.package_identification:Package 'src/arduino_servo_control' with type 'ros.ament_python' and name 'arduino_servo_control'
[0.178s] Level 1:colcon.colcon_core.package_identification:_identify(src/hand_gesture_pkg) by extensions ['ignore', 'ignore_ament_install']
[0.178s] Level 1:colcon.colcon_core.package_identification:_identify(src/hand_gesture_pkg) by extension 'ignore'
[0.178s] Level 1:colcon.colcon_core.package_identification:_identify(src/hand_gesture_pkg) by extension 'ignore_ament_install'
[0.178s] Level 1:colcon.colcon_core.package_identification:_identify(src/hand_gesture_pkg) by extensions ['colcon_pkg']
[0.178s] Level 1:colcon.colcon_core.package_identification:_identify(src/hand_gesture_pkg) by extension 'colcon_pkg'
[0.178s] Level 1:colcon.colcon_core.package_identification:_identify(src/hand_gesture_pkg) by extensions ['colcon_meta']
[0.178s] Level 1:colcon.colcon_core.package_identification:_identify(src/hand_gesture_pkg) by extension 'colcon_meta'
[0.178s] Level 1:colcon.colcon_core.package_identification:_identify(src/hand_gesture_pkg) by extensions ['ros']
[0.178s] Level 1:colcon.colcon_core.package_identification:_identify(src/hand_gesture_pkg) by extension 'ros'
[0.178s] Level 1:colcon.colcon_core.package_identification:_identify(src/hand_gesture_pkg) by extensions ['cmake', 'python']
[0.178s] Level 1:colcon.colcon_core.package_identification:_identify(src/hand_gesture_pkg) by extension 'cmake'
[0.178s] Level 1:colcon.colcon_core.package_identification:_identify(src/hand_gesture_pkg) by extension 'python'
[0.178s] Level 1:colcon.colcon_core.package_identification:_identify(src/hand_gesture_pkg) by extensions ['python_setup_py']
[0.178s] Level 1:colcon.colcon_core.package_identification:_identify(src/hand_gesture_pkg) by extension 'python_setup_py'
[0.178s] Level 1:colcon.colcon_core.package_identification:_identify(src/hand_gesture_pkg/arduino) by extensions ['ignore', 'ignore_ament_install']
[0.178s] Level 1:colcon.colcon_core.package_identification:_identify(src/hand_gesture_pkg/arduino) by extension 'ignore'
[0.178s] Level 1:colcon.colcon_core.package_identification:_identify(src/hand_gesture_pkg/arduino) by extension 'ignore_ament_install'
[0.178s] Level 1:colcon.colcon_core.package_identification:_identify(src/hand_gesture_pkg/arduino) by extensions ['colcon_pkg']
[0.179s] Level 1:colcon.colcon_core.package_identification:_identify(src/hand_gesture_pkg/arduino) by extension 'colcon_pkg'
[0.179s] Level 1:colcon.colcon_core.package_identification:_identify(src/hand_gesture_pkg/arduino) by extensions ['colcon_meta']
[0.179s] Level 1:colcon.colcon_core.package_identification:_identify(src/hand_gesture_pkg/arduino) by extension 'colcon_meta'
[0.179s] Level 1:colcon.colcon_core.package_identification:_identify(src/hand_gesture_pkg/arduino) by extensions ['ros']
[0.179s] Level 1:colcon.colcon_core.package_identification:_identify(src/hand_gesture_pkg/arduino) by extension 'ros'
[0.179s] Level 1:colcon.colcon_core.package_identification:_identify(src/hand_gesture_pkg/arduino) by extensions ['cmake', 'python']
[0.179s] Level 1:colcon.colcon_core.package_identification:_identify(src/hand_gesture_pkg/arduino) by extension 'cmake'
[0.179s] Level 1:colcon.colcon_core.package_identification:_identify(src/hand_gesture_pkg/arduino) by extension 'python'
[0.179s] Level 1:colcon.colcon_core.package_identification:_identify(src/hand_gesture_pkg/arduino) by extensions ['python_setup_py']
[0.179s] Level 1:colcon.colcon_core.package_identification:_identify(src/hand_gesture_pkg/arduino) by extension 'python_setup_py'
[0.179s] Level 1:colcon.colcon_core.package_identification:_identify(src/hand_gesture_pkg/scripts) by extensions ['ignore', 'ignore_ament_install']
[0.179s] Level 1:colcon.colcon_core.package_identification:_identify(src/hand_gesture_pkg/scripts) by extension 'ignore'
[0.179s] Level 1:colcon.colcon_core.package_identification:_identify(src/hand_gesture_pkg/scripts) by extension 'ignore_ament_install'
[0.179s] Level 1:colcon.colcon_core.package_identification:_identify(src/hand_gesture_pkg/scripts) by extensions ['colcon_pkg']
[0.179s] Level 1:colcon.colcon_core.package_identification:_identify(src/hand_gesture_pkg/scripts) by extension 'colcon_pkg'
[0.179s] Level 1:colcon.colcon_core.package_identification:_identify(src/hand_gesture_pkg/scripts) by extensions ['colcon_meta']
[0.179s] Level 1:colcon.colcon_core.package_identification:_identify(src/hand_gesture_pkg/scripts) by extension 'colcon_meta'
[0.179s] Level 1:colcon.colcon_core.package_identification:_identify(src/hand_gesture_pkg/scripts) by extensions ['ros']
[0.179s] Level 1:colcon.colcon_core.package_identification:_identify(src/hand_gesture_pkg/scripts) by extension 'ros'
[0.179s] Level 1:colcon.colcon_core.package_identification:_identify(src/hand_gesture_pkg/scripts) by extensions ['cmake', 'python']
[0.179s] Level 1:colcon.colcon_core.package_identification:_identify(src/hand_gesture_pkg/scripts) by extension 'cmake'
[0.179s] Level 1:colcon.colcon_core.package_identification:_identify(src/hand_gesture_pkg/scripts) by extension 'python'
[0.179s] Level 1:colcon.colcon_core.package_identification:_identify(src/hand_gesture_pkg/scripts) by extensions ['python_setup_py']
[0.179s] Level 1:colcon.colcon_core.package_identification:_identify(src/hand_gesture_pkg/scripts) by extension 'python_setup_py'
[0.179s] Level 1:colcon.colcon_core.package_discovery:discover_packages(recursive) using defaults
[0.179s] Level 1:colcon.colcon_core.package_discovery:discover_packages(ignore) discover
[0.179s] Level 1:colcon.colcon_core.package_discovery:discover_packages(ignore) using defaults
[0.179s] Level 1:colcon.colcon_core.package_discovery:discover_packages(path) discover
[0.179s] Level 1:colcon.colcon_core.package_discovery:discover_packages(path) using defaults
[0.199s] INFO:colcon.colcon_core.package_selection:Skipping not selected package 'hand_gesture_pkg' in 'hand_gesture_pkg'
[0.199s] INFO:colcon.colcon_core.package_selection:Skipping not selected package 'simple_pkg' in 'simple_pkg'
[0.199s] Level 1:colcon.colcon_core.package_discovery:discover_packages(prefix_path) check parameters
[0.199s] Level 1:colcon.colcon_core.package_discovery:discover_packages(prefix_path) discover
[0.199s] WARNING:colcon.colcon_ros.prefix_path.ament:The path '/home/ketan/ros2_ws/install/hand_gesture_pkg' in the environment variable AMENT_PREFIX_PATH doesn't exist
[0.200s] WARNING:colcon.colcon_ros.prefix_path.ament:The path '/home/ketan/ros2_ws/install/hand_gesture_controller' in the environment variable AMENT_PREFIX_PATH doesn't exist
[0.200s] WARNING:colcon.colcon_ros.prefix_path.ament:The path '/home/ketan/ros2_ws/install/arduino_servo_control' in the environment variable AMENT_PREFIX_PATH doesn't exist
[0.200s] WARNING:colcon.colcon_ros.prefix_path.catkin:The path '/home/ketan/ros2_ws/install/hand_gesture_pkg' in the environment variable CMAKE_PREFIX_PATH doesn't exist
[0.200s] WARNING:colcon.colcon_ros.prefix_path.catkin:The path '/home/ketan/ros2_ws/install/hand_gesture_controller' in the environment variable CMAKE_PREFIX_PATH doesn't exist
[0.200s] DEBUG:colcon.colcon_installed_package_information.package_discovery:Found 0 installed packages in /home/ketan/ros2_ws/install
[0.201s] DEBUG:colcon.colcon_installed_package_information.package_discovery:Found 396 installed packages in /opt/ros/humble
[0.202s] Level 1:colcon.colcon_core.package_discovery:discover_packages(prefix_path) using defaults
[0.230s] Level 5:colcon.colcon_core.verb:set package 'arduino_servo_control' build argument 'cmake_args' from command line to 'None'
[0.230s] Level 5:colcon.colcon_core.verb:set package 'arduino_servo_control' build argument 'cmake_target' from command line to 'None'
[0.230s] Level 5:colcon.colcon_core.verb:set package 'arduino_servo_control' build argument 'cmake_target_skip_unavailable' from command line to 'False'
[0.230s] Level 5:colcon.colcon_core.verb:set package 'arduino_servo_control' build argument 'cmake_clean_cache' from command line to 'False'
[0.230s] Level 5:colcon.colcon_core.verb:set package 'arduino_servo_control' build argument 'cmake_clean_first' from command line to 'False'
[0.230s] Level 5:colcon.colcon_core.verb:set package 'arduino_servo_control' build argument 'cmake_force_configure' from command line to 'False'
[0.230s] Level 5:colcon.colcon_core.verb:set package 'arduino_servo_control' build argument 'ament_cmake_args' from command line to 'None'
[0.230s] Level 5:colcon.colcon_core.verb:set package 'arduino_servo_control' build argument 'catkin_cmake_args' from command line to 'None'
[0.230s] Level 5:colcon.colcon_core.verb:set package 'arduino_servo_control' build argument 'catkin_skip_building_tests' from command line to 'False'
[0.230s] DEBUG:colcon.colcon_core.verb:Building package 'arduino_servo_control' with the following arguments: {'ament_cmake_args': None, 'build_base': '/home/ketan/ros2_ws/build/arduino_servo_control', 'catkin_cmake_args': None, 'catkin_skip_building_tests': False, 'cmake_args': None, 'cmake_clean_cache': False, 'cmake_clean_first': False, 'cmake_force_configure': False, 'cmake_target': None, 'cmake_target_skip_unavailable': False, 'install_base': '/home/ketan/ros2_ws/install/arduino_servo_control', 'merge_install': False, 'path': '/home/ketan/ros2_ws/src/arduino_servo_control', 'symlink_install': False, 'test_result_base': None}
[0.230s] INFO:colcon.colcon_core.executor:Executing jobs using 'parallel' executor
[0.231s] DEBUG:colcon.colcon_parallel_executor.executor.parallel:run_until_complete
[0.231s] INFO:colcon.colcon_ros.task.ament_python.build:Building ROS package in '/home/ketan/ros2_ws/src/arduino_servo_control' with build type 'ament_python'
[0.231s] Level 1:colcon.colcon_core.shell:create_environment_hook('arduino_servo_control', 'ament_prefix_path')
[0.232s] INFO:colcon.colcon_core.plugin_system:Skipping extension 'colcon_core.shell.bat': Not used on non-Windows systems
[0.232s] INFO:colcon.colcon_core.shell:Creating environment hook '/home/ketan/ros2_ws/install/arduino_servo_control/share/arduino_servo_control/hook/ament_prefix_path.ps1'
[0.233s] INFO:colcon.colcon_core.shell:Creating environment descriptor '/home/ketan/ros2_ws/install/arduino_servo_control/share/arduino_servo_control/hook/ament_prefix_path.dsv'
[0.233s] INFO:colcon.colcon_core.shell:Creating environment hook '/home/ketan/ros2_ws/install/arduino_servo_control/share/arduino_servo_control/hook/ament_prefix_path.sh'
[0.234s] INFO:colcon.colcon_core.shell:Skip shell extension 'powershell' for command environment: Not usable outside of PowerShell
[0.234s] DEBUG:colcon.colcon_core.shell:Skip shell extension 'dsv' for command environment
[0.393s] INFO:colcon.colcon_core.task.python.build:Building Python package in '/home/ketan/ros2_ws/src/arduino_servo_control'
[0.393s] INFO:colcon.colcon_core.shell:Skip shell extension 'powershell' for command environment: Not usable outside of PowerShell
[0.393s] DEBUG:colcon.colcon_core.shell:Skip shell extension 'dsv' for command environment
[0.613s] DEBUG:colcon.colcon_core.event_handler.log_command:Invoking command in '/home/ketan/ros2_ws/src/arduino_servo_control': CONDA_PROMPT_MODIFIER=(base) PYTHONPATH=/home/ketan/ros2_ws/build/arduino_servo_control/prefix_override:/usr/lib/python3/dist-packages/colcon_core/task/python/colcon_distutils_commands:/home/ketan/ros2_ws/install/arduino_servo_control/lib/python3.10/site-packages:${PYTHONPATH} /usr/bin/python3 -W ignore:setup.py install is deprecated -W ignore:easy_install command is deprecated setup.py egg_info --egg-base ../../build/arduino_servo_control build --build-base /home/ketan/ros2_ws/build/arduino_servo_control/build install --record /home/ketan/ros2_ws/build/arduino_servo_control/install.log --single-version-externally-managed install_data
[0.789s] DEBUG:colcon.colcon_core.event_handler.log_command:Invoked command in '/home/ketan/ros2_ws/src/arduino_servo_control' returned '0': CONDA_PROMPT_MODIFIER=(base) PYTHONPATH=/home/ketan/ros2_ws/build/arduino_servo_control/prefix_override:/usr/lib/python3/dist-packages/colcon_core/task/python/colcon_distutils_commands:/home/ketan/ros2_ws/install/arduino_servo_control/lib/python3.10/site-packages:${PYTHONPATH} /usr/bin/python3 -W ignore:setup.py install is deprecated -W ignore:easy_install command is deprecated setup.py egg_info --egg-base ../../build/arduino_servo_control build --build-base /home/ketan/ros2_ws/build/arduino_servo_control/build install --record /home/ketan/ros2_ws/build/arduino_servo_control/install.log --single-version-externally-managed install_data
[0.791s] Level 1:colcon.colcon_core.environment:checking '/home/ketan/ros2_ws/install/arduino_servo_control' for CMake module files
[0.791s] Level 1:colcon.colcon_core.environment:checking '/home/ketan/ros2_ws/install/arduino_servo_control' for CMake config files
[0.791s] Level 1:colcon.colcon_core.environment:checking '/home/ketan/ros2_ws/install/arduino_servo_control/lib'
[0.791s] Level 1:colcon.colcon_core.environment:checking '/home/ketan/ros2_ws/install/arduino_servo_control/bin'
[0.791s] Level 1:colcon.colcon_core.shell:create_environment_hook('arduino_servo_control', 'path')
[0.791s] INFO:colcon.colcon_core.shell:Creating environment hook '/home/ketan/ros2_ws/install/arduino_servo_control/share/arduino_servo_control/hook/path.ps1'
[0.792s] INFO:colcon.colcon_core.shell:Creating environment descriptor '/home/ketan/ros2_ws/install/arduino_servo_control/share/arduino_servo_control/hook/path.dsv'
[0.792s] INFO:colcon.colcon_core.shell:Creating environment hook '/home/ketan/ros2_ws/install/arduino_servo_control/share/arduino_servo_control/hook/path.sh'
[0.792s] Level 1:colcon.colcon_core.environment:checking '/home/ketan/ros2_ws/install/arduino_servo_control/lib/pkgconfig/arduino_servo_control.pc'
[0.792s] Level 1:colcon.colcon_core.environment:checking '/home/ketan/ros2_ws/install/arduino_servo_control/lib/python3.10/site-packages'
[0.792s] Level 1:colcon.colcon_core.shell:create_environment_hook('arduino_servo_control', 'pythonpath')
[0.792s] INFO:colcon.colcon_core.shell:Creating environment hook '/home/ketan/ros2_ws/install/arduino_servo_control/share/arduino_servo_control/hook/pythonpath.ps1'
[0.793s] INFO:colcon.colcon_core.shell:Creating environment descriptor '/home/ketan/ros2_ws/install/arduino_servo_control/share/arduino_servo_control/hook/pythonpath.dsv'
[0.793s] INFO:colcon.colcon_core.shell:Creating environment hook '/home/ketan/ros2_ws/install/arduino_servo_control/share/arduino_servo_control/hook/pythonpath.sh'
[0.793s] Level 1:colcon.colcon_core.environment:checking '/home/ketan/ros2_ws/install/arduino_servo_control/bin'
[0.793s] Level 1:colcon.colcon_core.shell:create_environment_hook('arduino_servo_control', 'pythonscriptspath')
[0.793s] INFO:colcon.colcon_core.shell:Creating environment hook '/home/ketan/ros2_ws/install/arduino_servo_control/share/arduino_servo_control/hook/pythonscriptspath.ps1'
[0.793s] INFO:colcon.colcon_core.shell:Creating environment descriptor '/home/ketan/ros2_ws/install/arduino_servo_control/share/arduino_servo_control/hook/pythonscriptspath.dsv'
[0.793s] INFO:colcon.colcon_core.shell:Creating environment hook '/home/ketan/ros2_ws/install/arduino_servo_control/share/arduino_servo_control/hook/pythonscriptspath.sh'
[0.794s] Level 1:colcon.colcon_core.environment:create_environment_scripts_only(arduino_servo_control)
[0.794s] INFO:colcon.colcon_core.shell:Creating package script '/home/ketan/ros2_ws/install/arduino_servo_control/share/arduino_servo_control/package.ps1'
[0.794s] INFO:colcon.colcon_core.shell:Creating package descriptor '/home/ketan/ros2_ws/install/arduino_servo_control/share/arduino_servo_control/package.dsv'
[0.795s] INFO:colcon.colcon_core.shell:Creating package script '/home/ketan/ros2_ws/install/arduino_servo_control/share/arduino_servo_control/package.sh'
[0.795s] INFO:colcon.colcon_core.shell:Creating package script '/home/ketan/ros2_ws/install/arduino_servo_control/share/arduino_servo_control/package.bash'
[0.796s] INFO:colcon.colcon_core.shell:Creating package script '/home/ketan/ros2_ws/install/arduino_servo_control/share/arduino_servo_control/package.zsh'
[0.796s] Level 1:colcon.colcon_core.environment:create_file_with_runtime_dependencies(/home/ketan/ros2_ws/install/arduino_servo_control/share/colcon-core/packages/arduino_servo_control)
[0.796s] DEBUG:colcon.colcon_parallel_executor.executor.parallel:closing loop
[0.796s] DEBUG:colcon.colcon_parallel_executor.executor.parallel:loop closed
[0.796s] DEBUG:colcon.colcon_parallel_executor.executor.parallel:run_until_complete finished with '0'
[0.797s] DEBUG:colcon.colcon_core.event_reactor:joining thread
[0.800s] INFO:colcon.colcon_core.plugin_system:Skipping extension 'colcon_notification.desktop_notification.terminal_notifier': Not used on non-Darwin systems
[0.800s] INFO:colcon.colcon_core.plugin_system:Skipping extension 'colcon_notification.desktop_notification.win32': Not used on non-Windows systems
[0.800s] INFO:colcon.colcon_notification.desktop_notification:Sending desktop notification using 'notify2'
[0.809s] DEBUG:colcon.colcon_core.event_reactor:joined thread
[0.809s] INFO:colcon.colcon_core.shell:Creating prefix script '/home/ketan/ros2_ws/install/local_setup.ps1'
[0.810s] INFO:colcon.colcon_core.shell:Creating prefix util module '/home/ketan/ros2_ws/install/_local_setup_util_ps1.py'
[0.811s] INFO:colcon.colcon_core.shell:Creating prefix chain script '/home/ketan/ros2_ws/install/setup.ps1'
[0.811s] INFO:colcon.colcon_core.shell:Creating prefix script '/home/ketan/ros2_ws/install/local_setup.sh'
[0.812s] INFO:colcon.colcon_core.shell:Creating prefix util module '/home/ketan/ros2_ws/install/_local_setup_util_sh.py'
[0.812s] INFO:colcon.colcon_core.shell:Creating prefix chain script '/home/ketan/ros2_ws/install/setup.sh'
[0.812s] INFO:colcon.colcon_core.shell:Creating prefix script '/home/ketan/ros2_ws/install/local_setup.bash'
[0.813s] INFO:colcon.colcon_core.shell:Creating prefix chain script '/home/ketan/ros2_ws/install/setup.bash'
[0.813s] INFO:colcon.colcon_core.shell:Creating prefix script '/home/ketan/ros2_ws/install/local_setup.zsh'
[0.813s] INFO:colcon.colcon_core.shell:Creating prefix chain script '/home/ketan/ros2_ws/install/setup.zsh'
