running egg_info
writing ../../build/arduino_servo_control/arduino_servo_control.egg-info/PKG-INFO
writing dependency_links to ../../build/arduino_servo_control/arduino_servo_control.egg-info/dependency_links.txt
writing entry points to ../../build/arduino_servo_control/arduino_servo_control.egg-info/entry_points.txt
writing requirements to ../../build/arduino_servo_control/arduino_servo_control.egg-info/requires.txt
writing top-level names to ../../build/arduino_servo_control/arduino_servo_control.egg-info/top_level.txt
reading manifest file '../../build/arduino_servo_control/arduino_servo_control.egg-info/SOURCES.txt'
writing manifest file '../../build/arduino_servo_control/arduino_servo_control.egg-info/SOURCES.txt'
running build
running build_py
copying arduino_servo_control/servo_control.py -> /home/ketan/abc/ros2_ph_arduino/build/arduino_servo_control/build/lib/arduino_servo_control
copying arduino_servo_control/keyboard_publisher.py -> /home/ketan/abc/ros2_ph_arduino/build/arduino_servo_control/build/lib/arduino_servo_control
copying arduino_servo_control/sequence_publisher.py -> /home/ketan/abc/ros2_ph_arduino/build/arduino_servo_control/build/lib/arduino_servo_control
running install
running install_lib
copying /home/ketan/abc/ros2_ph_arduino/build/arduino_servo_control/build/lib/arduino_servo_control/servo_control.py -> /home/ketan/abc/ros2_ph_arduino/install/arduino_servo_control/lib/python3.10/site-packages/arduino_servo_control
copying /home/ketan/abc/ros2_ph_arduino/build/arduino_servo_control/build/lib/arduino_servo_control/keyboard_publisher.py -> /home/ketan/abc/ros2_ph_arduino/install/arduino_servo_control/lib/python3.10/site-packages/arduino_servo_control
copying /home/ketan/abc/ros2_ph_arduino/build/arduino_servo_control/build/lib/arduino_servo_control/sequence_publisher.py -> /home/ketan/abc/ros2_ph_arduino/install/arduino_servo_control/lib/python3.10/site-packages/arduino_servo_control
byte-compiling /home/ketan/abc/ros2_ph_arduino/install/arduino_servo_control/lib/python3.10/site-packages/arduino_servo_control/servo_control.py to servo_control.cpython-310.pyc
byte-compiling /home/ketan/abc/ros2_ph_arduino/install/arduino_servo_control/lib/python3.10/site-packages/arduino_servo_control/keyboard_publisher.py to keyboard_publisher.cpython-310.pyc
byte-compiling /home/ketan/abc/ros2_ph_arduino/install/arduino_servo_control/lib/python3.10/site-packages/arduino_servo_control/sequence_publisher.py to sequence_publisher.cpython-310.pyc
running install_data
copying package.xml -> /home/ketan/abc/ros2_ph_arduino/install/arduino_servo_control/share/arduino_servo_control
creating /home/ketan/abc/ros2_ph_arduino/install/arduino_servo_control/share/arduino_servo_control/launch
copying launch/sequence_launch.py -> /home/ketan/abc/ros2_ph_arduino/install/arduino_servo_control/share/arduino_servo_control/launch
running install_egg_info
removing '/home/ketan/abc/ros2_ph_arduino/install/arduino_servo_control/lib/python3.10/site-packages/arduino_servo_control-0.1.0-py3.10.egg-info' (and everything under it)
Copying ../../build/arduino_servo_control/arduino_servo_control.egg-info to /home/ketan/abc/ros2_ph_arduino/install/arduino_servo_control/lib/python3.10/site-packages/arduino_servo_control-0.1.0-py3.10.egg-info
running install_scripts
Installing keyboard_publisher script to /home/ketan/abc/ros2_ph_arduino/install/arduino_servo_control/bin
Installing sequence_publisher script to /home/ketan/abc/ros2_ph_arduino/install/arduino_servo_control/bin
Installing servo_control script to /home/ketan/abc/ros2_ph_arduino/install/arduino_servo_control/bin
writing list of installed files to '/home/ketan/abc/ros2_ph_arduino/build/arduino_servo_control/install.log'
