[0.481s] Invoking command in '/home/ketan/abc/ros2_ph_arduino/src/arduino_servo_control': CONDA_PROMPT_MODIFIER=(base) PYTHONPATH=/home/ketan/abc/ros2_ph_arduino/build/arduino_servo_control/prefix_override:/usr/lib/python3/dist-packages/colcon_core/task/python/colcon_distutils_commands:/home/ketan/abc/ros2_ph_arduino/install/arduino_servo_control/lib/python3.10/site-packages:${PYTHONPATH} /usr/bin/python3 -W ignore:setup.py install is deprecated -W ignore:easy_install command is deprecated setup.py egg_info --egg-base ../../build/arduino_servo_control build --build-base /home/ketan/abc/ros2_ph_arduino/build/arduino_servo_control/build install --record /home/ketan/abc/ros2_ph_arduino/build/arduino_servo_control/install.log --single-version-externally-managed install_data
[0.627s] running egg_info
[0.627s] writing ../../build/arduino_servo_control/arduino_servo_control.egg-info/PKG-INFO
[0.627s] writing dependency_links to ../../build/arduino_servo_control/arduino_servo_control.egg-info/dependency_links.txt
[0.627s] writing entry points to ../../build/arduino_servo_control/arduino_servo_control.egg-info/entry_points.txt
[0.627s] writing requirements to ../../build/arduino_servo_control/arduino_servo_control.egg-info/requires.txt
[0.627s] writing top-level names to ../../build/arduino_servo_control/arduino_servo_control.egg-info/top_level.txt
[0.628s] reading manifest file '../../build/arduino_servo_control/arduino_servo_control.egg-info/SOURCES.txt'
[0.629s] writing manifest file '../../build/arduino_servo_control/arduino_servo_control.egg-info/SOURCES.txt'
[0.629s] running build
[0.629s] running build_py
[0.629s] copying arduino_servo_control/servo_control.py -> /home/ketan/abc/ros2_ph_arduino/build/arduino_servo_control/build/lib/arduino_servo_control
[0.629s] copying arduino_servo_control/keyboard_publisher.py -> /home/ketan/abc/ros2_ph_arduino/build/arduino_servo_control/build/lib/arduino_servo_control
[0.629s] copying arduino_servo_control/sequence_publisher.py -> /home/ketan/abc/ros2_ph_arduino/build/arduino_servo_control/build/lib/arduino_servo_control
[0.629s] running install
[0.629s] running install_lib
[0.630s] copying /home/ketan/abc/ros2_ph_arduino/build/arduino_servo_control/build/lib/arduino_servo_control/servo_control.py -> /home/ketan/abc/ros2_ph_arduino/install/arduino_servo_control/lib/python3.10/site-packages/arduino_servo_control
[0.630s] copying /home/ketan/abc/ros2_ph_arduino/build/arduino_servo_control/build/lib/arduino_servo_control/keyboard_publisher.py -> /home/ketan/abc/ros2_ph_arduino/install/arduino_servo_control/lib/python3.10/site-packages/arduino_servo_control
[0.630s] copying /home/ketan/abc/ros2_ph_arduino/build/arduino_servo_control/build/lib/arduino_servo_control/sequence_publisher.py -> /home/ketan/abc/ros2_ph_arduino/install/arduino_servo_control/lib/python3.10/site-packages/arduino_servo_control
[0.630s] byte-compiling /home/ketan/abc/ros2_ph_arduino/install/arduino_servo_control/lib/python3.10/site-packages/arduino_servo_control/servo_control.py to servo_control.cpython-310.pyc
[0.631s] byte-compiling /home/ketan/abc/ros2_ph_arduino/install/arduino_servo_control/lib/python3.10/site-packages/arduino_servo_control/keyboard_publisher.py to keyboard_publisher.cpython-310.pyc
[0.631s] byte-compiling /home/ketan/abc/ros2_ph_arduino/install/arduino_servo_control/lib/python3.10/site-packages/arduino_servo_control/sequence_publisher.py to sequence_publisher.cpython-310.pyc
[0.631s] running install_data
[0.631s] copying package.xml -> /home/ketan/abc/ros2_ph_arduino/install/arduino_servo_control/share/arduino_servo_control
[0.631s] creating /home/ketan/abc/ros2_ph_arduino/install/arduino_servo_control/share/arduino_servo_control/launch
[0.631s] copying launch/sequence_launch.py -> /home/ketan/abc/ros2_ph_arduino/install/arduino_servo_control/share/arduino_servo_control/launch
[0.631s] running install_egg_info
[0.633s] removing '/home/ketan/abc/ros2_ph_arduino/install/arduino_servo_control/lib/python3.10/site-packages/arduino_servo_control-0.1.0-py3.10.egg-info' (and everything under it)
[0.633s] Copying ../../build/arduino_servo_control/arduino_servo_control.egg-info to /home/ketan/abc/ros2_ph_arduino/install/arduino_servo_control/lib/python3.10/site-packages/arduino_servo_control-0.1.0-py3.10.egg-info
[0.634s] running install_scripts
[0.647s] Installing keyboard_publisher script to /home/ketan/abc/ros2_ph_arduino/install/arduino_servo_control/bin
[0.647s] Installing sequence_publisher script to /home/ketan/abc/ros2_ph_arduino/install/arduino_servo_control/bin
[0.647s] Installing servo_control script to /home/ketan/abc/ros2_ph_arduino/install/arduino_servo_control/bin
[0.647s] writing list of installed files to '/home/ketan/abc/ros2_ph_arduino/build/arduino_servo_control/install.log'
[0.663s] Invoked command in '/home/ketan/abc/ros2_ph_arduino/src/arduino_servo_control' returned '0': CONDA_PROMPT_MODIFIER=(base) PYTHONPATH=/home/ketan/abc/ros2_ph_arduino/build/arduino_servo_control/prefix_override:/usr/lib/python3/dist-packages/colcon_core/task/python/colcon_distutils_commands:/home/ketan/abc/ros2_ph_arduino/install/arduino_servo_control/lib/python3.10/site-packages:${PYTHONPATH} /usr/bin/python3 -W ignore:setup.py install is deprecated -W ignore:easy_install command is deprecated setup.py egg_info --egg-base ../../build/arduino_servo_control build --build-base /home/ketan/abc/ros2_ph_arduino/build/arduino_servo_control/build install --record /home/ketan/abc/ros2_ph_arduino/build/arduino_servo_control/install.log --single-version-externally-managed install_data
