/home/ketan/abc/ros2_ph_arduino/install/arduino_servo_control/lib/python3.10/site-packages/arduino_servo_control/__init__.py
/home/ketan/abc/ros2_ph_arduino/install/arduino_servo_control/lib/python3.10/site-packages/arduino_servo_control/servo_control.py
/home/ketan/abc/ros2_ph_arduino/install/arduino_servo_control/lib/python3.10/site-packages/arduino_servo_control/keyboard_publisher.py
/home/ketan/abc/ros2_ph_arduino/install/arduino_servo_control/lib/python3.10/site-packages/arduino_servo_control/sequence_publisher.py
/home/ketan/abc/ros2_ph_arduino/install/arduino_servo_control/lib/python3.10/site-packages/arduino_servo_control/__pycache__/__init__.cpython-310.pyc
/home/ketan/abc/ros2_ph_arduino/install/arduino_servo_control/lib/python3.10/site-packages/arduino_servo_control/__pycache__/servo_control.cpython-310.pyc
/home/ketan/abc/ros2_ph_arduino/install/arduino_servo_control/lib/python3.10/site-packages/arduino_servo_control/__pycache__/keyboard_publisher.cpython-310.pyc
/home/ketan/abc/ros2_ph_arduino/install/arduino_servo_control/lib/python3.10/site-packages/arduino_servo_control/__pycache__/sequence_publisher.cpython-310.pyc
/home/ketan/abc/ros2_ph_arduino/install/arduino_servo_control/share/ament_index/resource_index/packages/arduino_servo_control
/home/ketan/abc/ros2_ph_arduino/install/arduino_servo_control/share/arduino_servo_control/package.xml
/home/ketan/abc/ros2_ph_arduino/install/arduino_servo_control/share/arduino_servo_control/launch/sequence_launch.py
/home/ketan/abc/ros2_ph_arduino/install/arduino_servo_control/lib/python3.10/site-packages/arduino_servo_control-0.1.0-py3.10.egg-info/SOURCES.txt
/home/ketan/abc/ros2_ph_arduino/install/arduino_servo_control/lib/python3.10/site-packages/arduino_servo_control-0.1.0-py3.10.egg-info/entry_points.txt
/home/ketan/abc/ros2_ph_arduino/install/arduino_servo_control/lib/python3.10/site-packages/arduino_servo_control-0.1.0-py3.10.egg-info/dependency_links.txt
/home/ketan/abc/ros2_ph_arduino/install/arduino_servo_control/lib/python3.10/site-packages/arduino_servo_control-0.1.0-py3.10.egg-info/PKG-INFO
/home/ketan/abc/ros2_ph_arduino/install/arduino_servo_control/lib/python3.10/site-packages/arduino_servo_control-0.1.0-py3.10.egg-info/top_level.txt
/home/ketan/abc/ros2_ph_arduino/install/arduino_servo_control/lib/python3.10/site-packages/arduino_servo_control-0.1.0-py3.10.egg-info/requires.txt
/home/ketan/abc/ros2_ph_arduino/install/arduino_servo_control/lib/python3.10/site-packages/arduino_servo_control-0.1.0-py3.10.egg-info/zip-safe
/home/ketan/abc/ros2_ph_arduino/install/arduino_servo_control/bin/keyboard_publisher
/home/ketan/abc/ros2_ph_arduino/install/arduino_servo_control/bin/sequence_publisher
/home/ketan/abc/ros2_ph_arduino/install/arduino_servo_control/bin/servo_control
