[0.395s] Invoking command in '/home/ketan/abc/ros2_ph_arduino/src/arduino_servo_control': CONDA_PROMPT_MODIFIER=(base) PYTHONPATH=/home/ketan/abc/ros2_ph_arduino/build/arduino_servo_control/prefix_override:/usr/lib/python3/dist-packages/colcon_core/task/python/colcon_distutils_commands:/home/ketan/abc/ros2_ph_arduino/install/arduino_servo_control/lib/python3.10/site-packages:${PYTHONPATH} /usr/bin/python3 -W ignore:setup.py install is deprecated -W ignore:easy_install command is deprecated setup.py egg_info --egg-base ../../build/arduino_servo_control build --build-base /home/ketan/abc/ros2_ph_arduino/build/arduino_servo_control/build install --record /home/ketan/abc/ros2_ph_arduino/build/arduino_servo_control/install.log --single-version-externally-managed install_data
[0.543s] running egg_info
[0.543s] writing ../../build/arduino_servo_control/arduino_servo_control.egg-info/PKG-INFO
[0.543s] writing dependency_links to ../../build/arduino_servo_control/arduino_servo_control.egg-info/dependency_links.txt
[0.544s] writing entry points to ../../build/arduino_servo_control/arduino_servo_control.egg-info/entry_points.txt
[0.544s] writing requirements to ../../build/arduino_servo_control/arduino_servo_control.egg-info/requires.txt
[0.544s] writing top-level names to ../../build/arduino_servo_control/arduino_servo_control.egg-info/top_level.txt
[0.545s] reading manifest file '../../build/arduino_servo_control/arduino_servo_control.egg-info/SOURCES.txt'
[0.545s] writing manifest file '../../build/arduino_servo_control/arduino_servo_control.egg-info/SOURCES.txt'
[0.545s] running build
[0.545s] running build_py
[0.545s] running install
[0.546s] running install_lib
[0.546s] running install_data
[0.546s] running install_egg_info
[0.548s] removing '/home/ketan/abc/ros2_ph_arduino/install/arduino_servo_control/lib/python3.10/site-packages/arduino_servo_control-0.1.0-py3.10.egg-info' (and everything under it)
[0.548s] Copying ../../build/arduino_servo_control/arduino_servo_control.egg-info to /home/ketan/abc/ros2_ph_arduino/install/arduino_servo_control/lib/python3.10/site-packages/arduino_servo_control-0.1.0-py3.10.egg-info
[0.548s] running install_scripts
[0.562s] Installing keyboard_publisher script to /home/ketan/abc/ros2_ph_arduino/install/arduino_servo_control/bin
[0.562s] Installing sequence_publisher script to /home/ketan/abc/ros2_ph_arduino/install/arduino_servo_control/bin
[0.562s] Installing servo_control script to /home/ketan/abc/ros2_ph_arduino/install/arduino_servo_control/bin
[0.562s] writing list of installed files to '/home/ketan/abc/ros2_ph_arduino/build/arduino_servo_control/install.log'
[0.577s] Invoked command in '/home/ketan/abc/ros2_ph_arduino/src/arduino_servo_control' returned '0': CONDA_PROMPT_MODIFIER=(base) PYTHONPATH=/home/ketan/abc/ros2_ph_arduino/build/arduino_servo_control/prefix_override:/usr/lib/python3/dist-packages/colcon_core/task/python/colcon_distutils_commands:/home/ketan/abc/ros2_ph_arduino/install/arduino_servo_control/lib/python3.10/site-packages:${PYTHONPATH} /usr/bin/python3 -W ignore:setup.py install is deprecated -W ignore:easy_install command is deprecated setup.py egg_info --egg-base ../../build/arduino_servo_control build --build-base /home/ketan/abc/ros2_ph_arduino/build/arduino_servo_control/build install --record /home/ketan/abc/ros2_ph_arduino/build/arduino_servo_control/install.log --single-version-externally-managed install_data
